2022-02-15T11:58:00.165Z - [INFO   ] - data is fetched using message query
2022-02-15T11:58:23.544Z - [ERROR  ] - category or date are not provided 
2022-02-15T12:10:51.380Z - [INFO   ] - data is inserted in the database
2022-02-15T12:10:51.389Z - [INFO   ] - data is inserted in the database
2022-02-15T12:14:56.173Z - [INFO   ] - data is inserted in the database
2022-02-15T12:14:56.181Z - [INFO   ] - data is inserted in the database
2022-02-15T12:14:56.183Z - [INFO   ] - data is inserted in the database
2022-02-15T12:14:56.184Z - [INFO   ] - data is inserted in the database
2022-02-15T12:16:43.010Z - [INFO   ] - data is inserted in the database
2022-02-15T12:16:43.012Z - [INFO   ] - data is inserted in the database
2022-02-15T12:17:27.828Z - [INFO   ] - data is inserted in the database
2022-02-15T12:17:27.829Z - [INFO   ] - data is inserted in the database
2022-02-15T12:18:45.520Z - [INFO   ] - data is inserted in the database
2022-02-15T12:18:45.522Z - [INFO   ] - data is inserted in the database
2022-02-16T07:24:17.082Z - [INFO   ] - data is fetched using message query
2022-02-16T07:30:24.648Z - [INFO   ] - data is fetched using message query
2022-02-16T09:00:19.507Z - [INFO   ] - data is inserted in the database
2022-02-16T09:00:19.510Z - [INFO   ] - data is inserted in the database
2022-02-16T09:06:33.228Z - [INFO   ] - data is inserted in the database
2022-02-16T09:06:33.232Z - [INFO   ] - data is inserted in the database
2022-02-16T09:21:50.924Z - [INFO   ] - data is inserted in the database
2022-02-16T09:21:50.925Z - [INFO   ] - data is inserted in the database
2022-02-16T09:25:08.553Z - [INFO   ] - data is fetched using date and category query
2022-02-16T09:41:37.600Z - [ERROR  ] - Message validation failed: user_id: Path `user_id` is required., request_id: Path `request_id` is required., message: Path `message` is required.
2022-02-16T09:42:28.512Z - [ERROR  ] - Message validation failed: request_id: Path `request_id` is required.
2022-02-16T09:42:57.134Z - [INFO   ] - data is inserted in the database
2022-02-16T09:52:13.361Z - [INFO   ] - data is inserted in the database
